# --------------------------------------------------- // System
# downgrade                                            # downgrade packages
# trash-cli-git                                        # cli to manage trash files
# libinput-gestures                                    # actions touchpad gestures using libinput
# gestures                                             # gui for libinput-gestures

# --------------------------------------------------- // Dependencies
xdg-desktop-portal-gtk
emote

# --------------------------------------------------- // Gaming
steam
gamemode
mangohud
# gamescope

# --------------------------------------------------- // Music
cava
spotify
spicetify-cli

# --------------------------------------------------- // Apps
neovim
discover
snapd
calc
krita
discord
blender
godot
cmatrix
hollywood
python-pynvim
tldr
libreoffice
thunderbird
yazi
mpv
mupdf
feh
dragon-drop
unzip
lazygit
aseprite
btop
npm
apostrophe
