
2024/11/01 (20:29:37) | ===> btop++ v.1.4.0
2024/11/01 (20:29:37) | WARNING: NVML: Failed to get maximum GPU power draw, defaulting to 225W: Not Supported
2024/11/01 (20:29:37) | WARNING: NVML: Failed to get GPU power usage: Not Supported
2024/11/01 (20:29:37) | WARNING: Intel GPU: Failed to initialize PMU

2024/11/03 (19:40:53) | ===> btop++ v.1.4.0
2024/11/03 (19:40:53) | WARNING: NVML: Failed to get maximum GPU power draw, defaulting to 225W: Not Supported
2024/11/03 (19:40:53) | WARNING: NVML: Failed to get GPU power usage: Not Supported
2024/11/03 (19:40:53) | WARNING: Intel GPU: Failed to initialize PMU

2024/12/22 (20:55:07) | ===> btop++ v.1.4.0
2024/12/22 (20:55:07) | WARNING: Intel GPU: Failed to initialize PMU

2024/12/22 (20:55:55) | ===> btop++ v.1.4.0
2024/12/22 (20:55:55) | WARNING: Intel GPU: Failed to initialize PMU

2024/12/22 (21:10:58) | ===> btop++ v.1.4.0
2024/12/22 (21:10:58) | ERROR: No tty detected!
btop++ needs an interactive shell to run.

2024/12/22 (21:11:03) | ===> btop++ v.1.4.0
2024/12/22 (21:11:03) | ERROR: No tty detected!
btop++ needs an interactive shell to run.

2024/12/22 (21:11:05) | ===> btop++ v.1.4.0
2024/12/22 (21:11:05) | ERROR: No tty detected!
btop++ needs an interactive shell to run.

2024/12/22 (21:11:05) | ===> btop++ v.1.4.0
2024/12/22 (21:11:05) | ERROR: No tty detected!
btop++ needs an interactive shell to run.

2024/12/22 (21:11:05) | ===> btop++ v.1.4.0
2024/12/22 (21:11:05) | ERROR: No tty detected!
btop++ needs an interactive shell to run.

2024/12/22 (21:11:05) | ===> btop++ v.1.4.0
2024/12/22 (21:11:05) | ERROR: No tty detected!
btop++ needs an interactive shell to run.

2024/12/22 (21:11:06) | ===> btop++ v.1.4.0
2024/12/22 (21:11:06) | ERROR: No tty detected!
btop++ needs an interactive shell to run.

2024/12/22 (21:11:06) | ===> btop++ v.1.4.0
2024/12/22 (21:11:06) | ERROR: No tty detected!
btop++ needs an interactive shell to run.

2024/12/22 (21:11:06) | ===> btop++ v.1.4.0
2024/12/22 (21:11:06) | ERROR: No tty detected!
btop++ needs an interactive shell to run.

2024/12/22 (21:11:06) | ===> btop++ v.1.4.0
2024/12/22 (21:11:06) | ERROR: No tty detected!
btop++ needs an interactive shell to run.

2024/12/22 (21:11:06) | ===> btop++ v.1.4.0
2024/12/22 (21:11:06) | ERROR: No tty detected!
btop++ needs an interactive shell to run.

2024/12/22 (21:11:14) | ===> btop++ v.1.4.0
2024/12/22 (21:11:14) | WARNING: Intel GPU: Failed to initialize PMU

2024/12/22 (21:12:14) | ===> btop++ v.1.4.0
2024/12/22 (21:12:14) | ERROR: No tty detected!
btop++ needs an interactive shell to run.

2024/12/22 (21:12:16) | ===> btop++ v.1.4.0
2024/12/22 (21:12:16) | ERROR: No tty detected!
btop++ needs an interactive shell to run.

2024/12/22 (21:12:17) | ===> btop++ v.1.4.0
2024/12/22 (21:12:17) | ERROR: No tty detected!
btop++ needs an interactive shell to run.

2024/12/22 (21:12:17) | ===> btop++ v.1.4.0
2024/12/22 (21:12:17) | ERROR: No tty detected!
btop++ needs an interactive shell to run.

2024/12/22 (21:12:17) | ===> btop++ v.1.4.0
2024/12/22 (21:12:17) | ERROR: No tty detected!
btop++ needs an interactive shell to run.

2024/12/22 (21:13:07) | ===> btop++ v.1.4.0
2024/12/22 (21:13:07) | ERROR: No tty detected!
btop++ needs an interactive shell to run.

2024/12/22 (21:13:08) | ===> btop++ v.1.4.0
2024/12/22 (21:13:08) | ERROR: No tty detected!
btop++ needs an interactive shell to run.

2024/12/22 (21:13:09) | ===> btop++ v.1.4.0
2024/12/22 (21:13:09) | ERROR: No tty detected!
btop++ needs an interactive shell to run.

2024/12/22 (21:13:09) | ===> btop++ v.1.4.0
2024/12/22 (21:13:09) | ERROR: No tty detected!
btop++ needs an interactive shell to run.

2024/12/22 (21:13:09) | ===> btop++ v.1.4.0
2024/12/22 (21:13:09) | ERROR: No tty detected!
btop++ needs an interactive shell to run.

2024/12/22 (21:14:00) | ===> btop++ v.1.4.0
2024/12/22 (21:14:00) | ERROR: No tty detected!
btop++ needs an interactive shell to run.

2024/12/22 (21:14:02) | ===> btop++ v.1.4.0
2024/12/22 (21:14:02) | ERROR: No tty detected!
btop++ needs an interactive shell to run.

2024/12/22 (21:14:02) | ===> btop++ v.1.4.0
2024/12/22 (21:14:02) | ERROR: No tty detected!
btop++ needs an interactive shell to run.

2024/12/22 (21:14:02) | ===> btop++ v.1.4.0
2024/12/22 (21:14:02) | ERROR: No tty detected!
btop++ needs an interactive shell to run.

2024/12/22 (21:14:02) | ===> btop++ v.1.4.0
2024/12/22 (21:14:02) | ERROR: No tty detected!
btop++ needs an interactive shell to run.

2024/12/22 (21:14:03) | ===> btop++ v.1.4.0
2024/12/22 (21:14:03) | ERROR: No tty detected!
btop++ needs an interactive shell to run.

2024/12/22 (21:18:19) | ===> btop++ v.1.4.0
2024/12/22 (21:18:19) | WARNING: Intel GPU: Failed to initialize PMU

2024/12/22 (21:18:26) | ===> btop++ v.1.4.0
2024/12/22 (21:18:26) | WARNING: Intel GPU: Failed to initialize PMU
